TEST BUILD/Hello IOSGPRG DE JESUS 11930794/Library/Bee/Android/Prj/Mono2x/Gradle/launcher/build/intermediates/manifest_merge_blame_file/release/manifest-merger-blame-release-report.txt
1<?xml version="1.0" encoding="utf-8"?>
2<manifest xmlns:android="http://schemas.android.com/apk/res/android"
3    package="com.Benilde.HelloIOSGPRGDEJESUS11930794"
4    android:installLocation="preferExternal"
5    android:versionCode="1"
6    android:versionName="1.0" >
7
8    <uses-sdk
9        android:minSdkVersion="22"
9-->src\main\AndroidManifest.xml
10        android:targetSdkVersion="30" />
10-->src\main\AndroidManifest.xml
11
12    <supports-screens
12-->src\main\AndroidManifest.xml:3:3-163
13        android:anyDensity="true"
13-->src\main\AndroidManifest.xml:3:135-160
14        android:largeScreens="true"
14-->src\main\AndroidManifest.xml:3:78-105
15        android:normalScreens="true"
15-->src\main\AndroidManifest.xml:3:49-77
16        android:smallScreens="true"
16-->src\main\AndroidManifest.xml:3:21-48
17        android:xlargeScreens="true" />
17-->src\main\AndroidManifest.xml:3:106-134
18
19    <uses-feature android:glEsVersion="0x00030000" />
19-->[:unityLibrary] AndroidManifest.xml:12:5-54
19-->[:unityLibrary] AndroidManifest.xml:12:19-51
20    <uses-feature
20-->[:unityLibrary] AndroidManifest.xml:13:5-15:36
21        android:name="android.hardware.vulkan.version"
21-->[:unityLibrary] AndroidManifest.xml:14:9-55
22        android:required="false" />
22-->[:unityLibrary] AndroidManifest.xml:15:9-33
23
24    <uses-permission android:name="android.permission.INTERNET" />
24-->[:unityLibrary] AndroidManifest.xml:17:5-67
24-->[:unityLibrary] AndroidManifest.xml:17:22-64
25    <uses-permission android:name="android.permission.ACCESS_NETWORK_STATE" />
25-->[:unityLibrary] AndroidManifest.xml:18:5-79
25-->[:unityLibrary] AndroidManifest.xml:18:22-76
26
27    <uses-feature
27-->[:unityLibrary] AndroidManifest.xml:20:5-22:36
28        android:name="android.hardware.touchscreen"
28-->[:unityLibrary] AndroidManifest.xml:21:9-52
29        android:required="false" />
29-->[:unityLibrary] AndroidManifest.xml:22:9-33
30    <uses-feature
30-->[:unityLibrary] AndroidManifest.xml:23:5-25:36
31        android:name="android.hardware.touchscreen.multitouch"
31-->[:unityLibrary] AndroidManifest.xml:24:9-63
32        android:required="false" />
32-->[:unityLibrary] AndroidManifest.xml:25:9-33
33    <uses-feature
33-->[:unityLibrary] AndroidManifest.xml:26:5-28:36
34        android:name="android.hardware.touchscreen.multitouch.distinct"
34-->[:unityLibrary] AndroidManifest.xml:27:9-72
35        android:required="false" />
35-->[:unityLibrary] AndroidManifest.xml:28:9-33
36
37    <uses-permission android:name="com.google.android.gms.permission.AD_ID" />
37-->[:UnityAds:] AndroidManifest.xml:11:5-79
37-->[:UnityAds:] AndroidManifest.xml:11:22-76
38    <uses-permission android:name="com.android.vending.BILLING" />
38-->[:billing-5.1.0:] AndroidManifest.xml:10:5-67
38-->[:billing-5.1.0:] AndroidManifest.xml:10:22-64
39    <!--
40    This has been added to conform with requirement from Android 11 (API level 30) onwards
41    (http://screen/9iGdBMRWDmVbRJ6), after getting confirmation in http://yaqs/995038231927980032#a1
42    -->
43    <queries>
43-->[:billing-5.1.0:] AndroidManifest.xml:16:5-20:15
44        <intent>
44-->[:billing-5.1.0:] AndroidManifest.xml:17:9-19:18
45            <action android:name="com.android.vending.billing.InAppBillingService.BIND" />
45-->[:billing-5.1.0:] AndroidManifest.xml:18:13-91
45-->[:billing-5.1.0:] AndroidManifest.xml:18:21-88
46        </intent>
47    </queries>
48
49    <application
49-->src\main\AndroidManifest.xml:4:3-83
50        android:extractNativeLibs="true"
50-->[:unityLibrary] AndroidManifest.xml:30:18-50
51        android:icon="@mipmap/app_icon"
51-->src\main\AndroidManifest.xml:4:49-80
52        android:label="@string/app_name" >
52-->src\main\AndroidManifest.xml:4:16-48
53        <activity
53-->[:unityLibrary] AndroidManifest.xml:31:9-51:20
54            android:name="com.unity3d.player.UnityPlayerActivity"
54-->[:unityLibrary] AndroidManifest.xml:32:13-66
55            android:configChanges="mcc|mnc|locale|touchscreen|keyboard|keyboardHidden|navigation|orientation|screenLayout|uiMode|screenSize|smallestScreenSize|fontScale|layoutDirection|density"
55-->[:unityLibrary] AndroidManifest.xml:33:13-194
56            android:hardwareAccelerated="false"
56-->[:unityLibrary] AndroidManifest.xml:34:13-48
57            android:launchMode="singleTask"
57-->[:unityLibrary] AndroidManifest.xml:35:13-44
58            android:resizeableActivity="false"
58-->[:unityLibrary] AndroidManifest.xml:36:13-47
59            android:screenOrientation="fullUser"
59-->[:unityLibrary] AndroidManifest.xml:37:13-49
60            android:theme="@style/UnityThemeSelector" >
60-->[:unityLibrary] AndroidManifest.xml:38:13-54
61            <intent-filter>
61-->[:unityLibrary] AndroidManifest.xml:39:13-43:29
62                <action android:name="android.intent.action.MAIN" />
62-->[:unityLibrary] AndroidManifest.xml:40:17-69
62-->[:unityLibrary] AndroidManifest.xml:40:25-66
63
64                <category android:name="android.intent.category.LAUNCHER" />
64-->[:unityLibrary] AndroidManifest.xml:42:17-77
64-->[:unityLibrary] AndroidManifest.xml:42:27-74
65            </intent-filter>
66
67            <meta-data
67-->[:unityLibrary] AndroidManifest.xml:45:13-47:40
68                android:name="unityplayer.UnityActivity"
68-->[:unityLibrary] AndroidManifest.xml:46:17-57
69                android:value="true" />
69-->[:unityLibrary] AndroidManifest.xml:47:17-37
70            <meta-data
70-->[:unityLibrary] AndroidManifest.xml:48:13-50:40
71                android:name="android.notch_support"
71-->[:unityLibrary] AndroidManifest.xml:49:17-53
72                android:value="true" />
72-->[:unityLibrary] AndroidManifest.xml:50:17-37
73        </activity>
74
75        <meta-data
75-->[:unityLibrary] AndroidManifest.xml:53:9-55:33
76            android:name="unity.splash-mode"
76-->[:unityLibrary] AndroidManifest.xml:54:13-45
77            android:value="0" />
77-->[:unityLibrary] AndroidManifest.xml:55:13-30
78        <meta-data
78-->[:unityLibrary] AndroidManifest.xml:56:9-58:36
79            android:name="unity.splash-enable"
79-->[:unityLibrary] AndroidManifest.xml:57:13-47
80            android:value="True" />
80-->[:unityLibrary] AndroidManifest.xml:58:13-33
81        <meta-data
81-->[:unityLibrary] AndroidManifest.xml:59:9-61:36
82            android:name="unity.launch-fullscreen"
82-->[:unityLibrary] AndroidManifest.xml:60:13-51
83            android:value="True" />
83-->[:unityLibrary] AndroidManifest.xml:61:13-33
84        <meta-data
84-->[:unityLibrary] AndroidManifest.xml:62:9-64:37
85            android:name="unity.allow-resizable-window"
85-->[:unityLibrary] AndroidManifest.xml:63:13-56
86            android:value="False" />
86-->[:unityLibrary] AndroidManifest.xml:64:13-34
87        <meta-data
87-->[:unityLibrary] AndroidManifest.xml:65:9-67:50
88            android:name="notch.config"
88-->[:unityLibrary] AndroidManifest.xml:66:13-40
89            android:value="portrait|landscape" />
89-->[:unityLibrary] AndroidManifest.xml:67:13-47
90        <meta-data
90-->[:unityLibrary] AndroidManifest.xml:68:9-70:36
91            android:name="unity.auto-report-fully-drawn"
91-->[:unityLibrary] AndroidManifest.xml:69:13-57
92            android:value="true" />
92-->[:unityLibrary] AndroidManifest.xml:70:13-33
93
94        <activity
94-->[:UnityAds:] AndroidManifest.xml:14:9-18:74
95            android:name="com.unity3d.services.ads.adunit.AdUnitActivity"
95-->[:UnityAds:] AndroidManifest.xml:15:13-74
96            android:configChanges="fontScale|keyboard|keyboardHidden|locale|mnc|mcc|navigation|orientation|screenLayout|screenSize|smallestScreenSize|uiMode|touchscreen"
96-->[:UnityAds:] AndroidManifest.xml:16:13-170
97            android:hardwareAccelerated="true"
97-->[:UnityAds:] AndroidManifest.xml:17:13-47
98            android:theme="@android:style/Theme.NoTitleBar.Fullscreen" />
98-->[:UnityAds:] AndroidManifest.xml:18:13-71
99        <activity
99-->[:UnityAds:] AndroidManifest.xml:19:9-23:86
100            android:name="com.unity3d.services.ads.adunit.AdUnitTransparentActivity"
100-->[:UnityAds:] AndroidManifest.xml:20:13-85
101            android:configChanges="fontScale|keyboard|keyboardHidden|locale|mnc|mcc|navigation|orientation|screenLayout|screenSize|smallestScreenSize|uiMode|touchscreen"
101-->[:UnityAds:] AndroidManifest.xml:21:13-170
102            android:hardwareAccelerated="true"
102-->[:UnityAds:] AndroidManifest.xml:22:13-47
103            android:theme="@android:style/Theme.Translucent.NoTitleBar.Fullscreen" />
103-->[:UnityAds:] AndroidManifest.xml:23:13-83
104        <activity
104-->[:UnityAds:] AndroidManifest.xml:24:9-28:86
105            android:name="com.unity3d.services.ads.adunit.AdUnitTransparentSoftwareActivity"
105-->[:UnityAds:] AndroidManifest.xml:25:13-93
106            android:configChanges="fontScale|keyboard|keyboardHidden|locale|mnc|mcc|navigation|orientation|screenLayout|screenSize|smallestScreenSize|uiMode|touchscreen"
106-->[:UnityAds:] AndroidManifest.xml:26:13-170
107            android:hardwareAccelerated="false"
107-->[:UnityAds:] AndroidManifest.xml:27:13-48
108            android:theme="@android:style/Theme.Translucent.NoTitleBar.Fullscreen" />
108-->[:UnityAds:] AndroidManifest.xml:28:13-83
109        <activity
109-->[:UnityAds:] AndroidManifest.xml:29:9-33:74
110            android:name="com.unity3d.services.ads.adunit.AdUnitSoftwareActivity"
110-->[:UnityAds:] AndroidManifest.xml:30:13-82
111            android:configChanges="fontScale|keyboard|keyboardHidden|locale|mnc|mcc|navigation|orientation|screenLayout|screenSize|smallestScreenSize|uiMode|touchscreen"
111-->[:UnityAds:] AndroidManifest.xml:31:13-170
112            android:hardwareAccelerated="false"
112-->[:UnityAds:] AndroidManifest.xml:32:13-48
113            android:theme="@android:style/Theme.NoTitleBar.Fullscreen" />
113-->[:UnityAds:] AndroidManifest.xml:33:13-71
114
115        <meta-data
115-->[:billing-5.1.0:] AndroidManifest.xml:23:9-25:37
116            android:name="com.google.android.play.billingclient.version"
116-->[:billing-5.1.0:] AndroidManifest.xml:24:13-73
117            android:value="5.1.0" />
117-->[:billing-5.1.0:] AndroidManifest.xml:25:13-34
118
119        <activity
119-->[:billing-5.1.0:] AndroidManifest.xml:27:9-31:75
120            android:name="com.android.billingclient.api.ProxyBillingActivity"
120-->[:billing-5.1.0:] AndroidManifest.xml:28:13-78
121            android:configChanges="keyboard|keyboardHidden|screenLayout|screenSize|orientation"
121-->[:billing-5.1.0:] AndroidManifest.xml:29:13-96
122            android:exported="false"
122-->[:billing-5.1.0:] AndroidManifest.xml:30:13-37
123            android:theme="@android:style/Theme.Translucent.NoTitleBar" />
123-->[:billing-5.1.0:] AndroidManifest.xml:31:13-72
124    </application>
125
126</manifest>